


Using shader api: shaderapiempty.dll
materialPath: D:\SteamLibrary\steamapps\common\Half-Life 2\hl2\materials
Loading D:\MultiS4Hammer\outskirts_02.vmf
Could not locate 'GameData' key in d:\steamlibrary\steamapps\common\half-life 2\hl2\gameinfo.txt
fixing up env_cubemap materials on brush sides...
0...1...2...3...4...5...6...7...8...9...10**** leaked ****
Entity prop_static (464.00 -3504.00 520.00) leaked!
Processing areas...done (0)
Building Faces...done (0)
FixTjuncs...
PruneNodes...
WriteBSP...
done (0)
Creating default LDR cubemaps for env_cubemap using skybox materials:
   skybox/sky_borealis01*.vmt
 ! Run buildcubemaps in the engine to get the correct cube maps.
Creating default HDR cubemaps for env_cubemap using skybox materials:
   skybox/sky_borealis01*.vmt
 ! Run buildcubemaps in the engine to get the correct cube maps.
Finding displacement neighbors...
Finding lightmap sample positions...
Displacement Alpha : 0...1...2...3...4...5...6...7...8...9...10
Building Physics collision data...
done (0) (13584 bytes)
Placing detail props : 0...1...2...3...4...5...6...7...8...9...10
Compacting texture/material tables...
Reduced 37 texinfos to 26
Reduced 16 texdatas to 15 (386 bytes to 361)
Writing D:\MultiS4Hammer\outskirts_02.bsp
0 seconds elapsed



12 threads
reading d:\multis4hammer\outskirts_02.bsp
reading d:\multis4hammer\outskirts_02.prt
LoadPortals: couldn't read d:\multis4hammer\outskirts_02.prt



[Reading texlights from 'lights.rad']
[45 texlights parsed from 'lights.rad']

Loading d:\multis4hammer\outskirts_02.bsp
No vis information, direct lighting only.
101 faces
15529 square feet [2236257.50 square inches]
0 Displacements
0 Square Feet [0.00 Square Inches]
12 direct lights
0...1...2...3...4...5...6...7...8...9...10Build Patch/Sample Hash Table(s).....Done<0.0003 sec>
0...1...2...3...4...5...6...7...8...9...10FinalLightFace Done
0 of 0 (0% of) surface lights went in leaf ambient cubes.
0...1...2...3...4...5...6...7...8...9...10Writing leaf ambient...done
Ready to Finish

Object names       Objects/Maxobjs  Memory / Maxmem  Fullness 
------------       ---------------  ---------------  -------- 
models                   2/1024           96/49152    ( 0.2%) 
brushes                 38/8192          456/98304    ( 0.5%) 
brushsides             232/65536        1856/524288   ( 0.4%) 
planes                 144/65536        2880/1310720  ( 0.2%) 
vertexes               239/65536        2868/786432   ( 0.4%) 
nodes                  149/65536        4768/2097152  ( 0.2%) 
texinfos                26/12288        1872/884736   ( 0.2%) 
texdata                 15/2048          480/65536    ( 0.7%) 
dispinfos                0/0               0/0        ( 0.0%) 
disp_verts               0/0               0/0        ( 0.0%) 
disp_tris                0/0               0/0        ( 0.0%) 
disp_lmsamples           0/0               0/0        ( 0.0%) 
faces                  101/65536        5656/3670016  ( 0.2%) 
hdr faces                0/65536           0/3670016  ( 0.0%) 
origfaces               68/65536        3808/3670016  ( 0.1%) 
leaves                 152/65536        4864/2097152  ( 0.2%) 
leaffaces              108/65536         216/131072   ( 0.2%) 
leafbrushes             47/65536          94/131072   ( 0.1%) 
areas                    2/256            16/2048     ( 0.8%) 
surfedges              731/512000       2924/2048000  ( 0.1%) 
edges                  481/256000       1924/1024000  ( 0.2%) 
LDR worldlights         12/8192         1056/720896   ( 0.1%) 
HDR worldlights          0/8192            0/720896   ( 0.0%) 
leafwaterdata            0/32768           0/393216   ( 0.0%) 
waterstrips             10/32768         100/327680   ( 0.0%) 
waterverts               0/65536           0/786432   ( 0.0%) 
waterindices           141/65536         282/131072   ( 0.2%) 
cubemapsamples           0/1024            0/16384    ( 0.0%) 
overlays                 0/512             0/180224   ( 0.0%) 
LDR lightdata         [variable]      107180/0        ( 0.0%) 
HDR lightdata         [variable]           0/0        ( 0.0%) 
visdata               [variable]           0/16777216 ( 0.0%) 
entdata               [variable]       16465/393216   ( 4.2%) 
LDR ambient table      152/65536         608/262144   ( 0.2%) 
HDR ambient table      152/65536         608/262144   ( 0.2%) 
LDR leaf ambient       351/65536        9828/1835008  ( 0.5%) 
HDR leaf ambient       152/65536        4256/1835008  ( 0.2%) 
occluders                0/0               0/0        ( 0.0%) 
occluder polygons        0/0               0/0        ( 0.0%) 
occluder vert ind        0/0               0/0        ( 0.0%) 
detail props          [variable]           1/12       ( 8.3%) 
static props          [variable]           1/1546     ( 0.1%) 
pakfile               [variable]       86758/0        ( 0.0%) 
physics               [variable]       13584/4194304  ( 0.3%) 
physics terrain       [variable]           2/1048576  ( 0.0%) 

Level flags = 0

Total triangle count: 257
Writing d:\multis4hammer\outskirts_02.bsp
0 seconds elapsed



[Reading texlights from 'lights.rad']
[45 texlights parsed from 'lights.rad']

Loading d:\multis4hammer\outskirts_02.bsp
No vis information, direct lighting only.
101 faces
15529 square feet [2236257.50 square inches]
0 Displacements
0 Square Feet [0.00 Square Inches]
12 direct lights
0...1...2...3...4...5...6...7...8...9...10Build Patch/Sample Hash Table(s).....Done<0.0003 sec>
0...1...2...3...4...5...6...7...8...9...10FinalLightFace Done
0 of 0 (0% of) surface lights went in leaf ambient cubes.
0...1...2...3...4...5...6...7...8...9...10Writing leaf ambient...done
Ready to Finish

Object names       Objects/Maxobjs  Memory / Maxmem  Fullness 
------------       ---------------  ---------------  -------- 
models                   2/1024           96/49152    ( 0.2%) 
brushes                 38/8192          456/98304    ( 0.5%) 
brushsides             232/65536        1856/524288   ( 0.4%) 
planes                 144/65536        2880/1310720  ( 0.2%) 
vertexes               239/65536        2868/786432   ( 0.4%) 
nodes                  149/65536        4768/2097152  ( 0.2%) 
texinfos                26/12288        1872/884736   ( 0.2%) 
texdata                 15/2048          480/65536    ( 0.7%) 
dispinfos                0/0               0/0        ( 0.0%) 
disp_verts               0/0               0/0        ( 0.0%) 
disp_tris                0/0               0/0        ( 0.0%) 
disp_lmsamples           0/0               0/0        ( 0.0%) 
faces                  101/65536        5656/3670016  ( 0.2%) 
hdr faces              101/65536        5656/3670016  ( 0.2%) 
origfaces               68/65536        3808/3670016  ( 0.1%) 
leaves                 152/65536        4864/2097152  ( 0.2%) 
leaffaces              108/65536         216/131072   ( 0.2%) 
leafbrushes             47/65536          94/131072   ( 0.1%) 
areas                    2/256            16/2048     ( 0.8%) 
surfedges              731/512000       2924/2048000  ( 0.1%) 
edges                  481/256000       1924/1024000  ( 0.2%) 
LDR worldlights         12/8192         1056/720896   ( 0.1%) 
HDR worldlights         12/8192         1056/720896   ( 0.1%) 
leafwaterdata            0/32768           0/393216   ( 0.0%) 
waterstrips             10/32768         100/327680   ( 0.0%) 
waterverts               0/65536           0/786432   ( 0.0%) 
waterindices           141/65536         282/131072   ( 0.2%) 
cubemapsamples           0/1024            0/16384    ( 0.0%) 
overlays                 0/512             0/180224   ( 0.0%) 
LDR lightdata         [variable]      107180/0        ( 0.0%) 
HDR lightdata         [variable]      107180/0        ( 0.0%) 
visdata               [variable]           0/16777216 ( 0.0%) 
entdata               [variable]       16465/393216   ( 4.2%) 
LDR ambient table      152/65536         608/262144   ( 0.2%) 
HDR ambient table      152/65536         608/262144   ( 0.2%) 
LDR leaf ambient       351/65536        9828/1835008  ( 0.5%) 
HDR leaf ambient       351/65536        9828/1835008  ( 0.5%) 
occluders                0/0               0/0        ( 0.0%) 
occluder polygons        0/0               0/0        ( 0.0%) 
occluder vert ind        0/0               0/0        ( 0.0%) 
detail props          [variable]           1/12       ( 8.3%) 
static props          [variable]           1/1546     ( 0.1%) 
pakfile               [variable]       86758/0        ( 0.0%) 
physics               [variable]       13584/4194304  ( 0.3%) 
physics terrain       [variable]           2/1048576  ( 0.0%) 

Level flags = 0

Total triangle count: 257
Writing d:\multis4hammer\outskirts_02.bsp
0 seconds elapsed



Using shader api: shaderapiempty.dll
materialPath: D:\SteamLibrary\steamapps\common\Half-Life 2\hl2\materials
Loading D:\MultiS4Hammer\outskirts_02.vmf
Could not locate 'GameData' key in d:\steamlibrary\steamapps\common\half-life 2\hl2\gameinfo.txt
fixing up env_cubemap materials on brush sides...
0...1...2...3...4...5...6...7...8...9...10**** leaked ****
Entity prop_static (464.00 -3504.00 520.00) leaked!
Processing areas...done (0)
Building Faces...done (0)
FixTjuncs...
PruneNodes...
WriteBSP...
done (0)
Creating default LDR cubemaps for env_cubemap using skybox materials:
   skybox/sky_borealis01*.vmt
 ! Run buildcubemaps in the engine to get the correct cube maps.
Creating default HDR cubemaps for env_cubemap using skybox materials:
   skybox/sky_borealis01*.vmt
 ! Run buildcubemaps in the engine to get the correct cube maps.
Finding displacement neighbors...
Finding lightmap sample positions...
Displacement Alpha : 0...1...2...3...4...5...6...7...8...9...10
Building Physics collision data...
done (0) (13584 bytes)
Placing detail props : 0...1...2...3...4...5...6...7...8...9...10
Compacting texture/material tables...
Reduced 37 texinfos to 26
Reduced 16 texdatas to 15 (386 bytes to 361)
Writing D:\MultiS4Hammer\outskirts_02.bsp
0 seconds elapsed



12 threads
reading d:\multis4hammer\outskirts_02.bsp
reading d:\multis4hammer\outskirts_02.prt
LoadPortals: couldn't read d:\multis4hammer\outskirts_02.prt



[Reading texlights from 'lights.rad']
[45 texlights parsed from 'lights.rad']

Loading d:\multis4hammer\outskirts_02.bsp
No vis information, direct lighting only.
101 faces
15529 square feet [2236257.50 square inches]
0 Displacements
0 Square Feet [0.00 Square Inches]
12 direct lights
0...1...2...3...4...5...6...7...8...9...10Build Patch/Sample Hash Table(s).....Done<0.0003 sec>
0...1...2...3...4...5...6...7...8...9...10FinalLightFace Done
0 of 0 (0% of) surface lights went in leaf ambient cubes.
0...1...2...3...4...5...6...7...8...9...10Writing leaf ambient...done
Ready to Finish

Object names       Objects/Maxobjs  Memory / Maxmem  Fullness 
------------       ---------------  ---------------  -------- 
models                   2/1024           96/49152    ( 0.2%) 
brushes                 38/8192          456/98304    ( 0.5%) 
brushsides             232/65536        1856/524288   ( 0.4%) 
planes                 144/65536        2880/1310720  ( 0.2%) 
vertexes               239/65536        2868/786432   ( 0.4%) 
nodes                  149/65536        4768/2097152  ( 0.2%) 
texinfos                26/12288        1872/884736   ( 0.2%) 
texdata                 15/2048          480/65536    ( 0.7%) 
dispinfos                0/0               0/0        ( 0.0%) 
disp_verts               0/0               0/0        ( 0.0%) 
disp_tris                0/0               0/0        ( 0.0%) 
disp_lmsamples           0/0               0/0        ( 0.0%) 
faces                  101/65536        5656/3670016  ( 0.2%) 
hdr faces                0/65536           0/3670016  ( 0.0%) 
origfaces               68/65536        3808/3670016  ( 0.1%) 
leaves                 152/65536        4864/2097152  ( 0.2%) 
leaffaces              108/65536         216/131072   ( 0.2%) 
leafbrushes             47/65536          94/131072   ( 0.1%) 
areas                    2/256            16/2048     ( 0.8%) 
surfedges              731/512000       2924/2048000  ( 0.1%) 
edges                  481/256000       1924/1024000  ( 0.2%) 
LDR worldlights         12/8192         1056/720896   ( 0.1%) 
HDR worldlights          0/8192            0/720896   ( 0.0%) 
leafwaterdata            0/32768           0/393216   ( 0.0%) 
waterstrips             10/32768         100/327680   ( 0.0%) 
waterverts               0/65536           0/786432   ( 0.0%) 
waterindices           141/65536         282/131072   ( 0.2%) 
cubemapsamples           0/1024            0/16384    ( 0.0%) 
overlays                 0/512             0/180224   ( 0.0%) 
LDR lightdata         [variable]      107180/0        ( 0.0%) 
HDR lightdata         [variable]           0/0        ( 0.0%) 
visdata               [variable]           0/16777216 ( 0.0%) 
entdata               [variable]       16569/393216   ( 4.2%) 
LDR ambient table      152/65536         608/262144   ( 0.2%) 
HDR ambient table      152/65536         608/262144   ( 0.2%) 
LDR leaf ambient       351/65536        9828/1835008  ( 0.5%) 
HDR leaf ambient       152/65536        4256/1835008  ( 0.2%) 
occluders                0/0               0/0        ( 0.0%) 
occluder polygons        0/0               0/0        ( 0.0%) 
occluder vert ind        0/0               0/0        ( 0.0%) 
detail props          [variable]           1/12       ( 8.3%) 
static props          [variable]           1/1546     ( 0.1%) 
pakfile               [variable]       86758/0        ( 0.0%) 
physics               [variable]       13584/4194304  ( 0.3%) 
physics terrain       [variable]           2/1048576  ( 0.0%) 

Level flags = 0

Total triangle count: 257
Writing d:\multis4hammer\outskirts_02.bsp
0 seconds elapsed



[Reading texlights from 'lights.rad']
[45 texlights parsed from 'lights.rad']

Loading d:\multis4hammer\outskirts_02.bsp
No vis information, direct lighting only.
101 faces
15529 square feet [2236257.50 square inches]
0 Displacements
0 Square Feet [0.00 Square Inches]
12 direct lights
0...1...2...3...4...5...6...7...8...9...10Build Patch/Sample Hash Table(s).....Done<0.0003 sec>
0...1...2...3...4...5...6...7...8...9...10FinalLightFace Done
0 of 0 (0% of) surface lights went in leaf ambient cubes.
0...1...2...3...4...5...6...7...8...9...10Writing leaf ambient...done
Ready to Finish

Object names       Objects/Maxobjs  Memory / Maxmem  Fullness 
------------       ---------------  ---------------  -------- 
models                   2/1024           96/49152    ( 0.2%) 
brushes                 38/8192          456/98304    ( 0.5%) 
brushsides             232/65536        1856/524288   ( 0.4%) 
planes                 144/65536        2880/1310720  ( 0.2%) 
vertexes               239/65536        2868/786432   ( 0.4%) 
nodes                  149/65536        4768/2097152  ( 0.2%) 
texinfos                26/12288        1872/884736   ( 0.2%) 
texdata                 15/2048          480/65536    ( 0.7%) 
dispinfos                0/0               0/0        ( 0.0%) 
disp_verts               0/0               0/0        ( 0.0%) 
disp_tris                0/0               0/0        ( 0.0%) 
disp_lmsamples           0/0               0/0        ( 0.0%) 
faces                  101/65536        5656/3670016  ( 0.2%) 
hdr faces              101/65536        5656/3670016  ( 0.2%) 
origfaces               68/65536        3808/3670016  ( 0.1%) 
leaves                 152/65536        4864/2097152  ( 0.2%) 
leaffaces              108/65536         216/131072   ( 0.2%) 
leafbrushes             47/65536          94/131072   ( 0.1%) 
areas                    2/256            16/2048     ( 0.8%) 
surfedges              731/512000       2924/2048000  ( 0.1%) 
edges                  481/256000       1924/1024000  ( 0.2%) 
LDR worldlights         12/8192         1056/720896   ( 0.1%) 
HDR worldlights         12/8192         1056/720896   ( 0.1%) 
leafwaterdata            0/32768           0/393216   ( 0.0%) 
waterstrips             10/32768         100/327680   ( 0.0%) 
waterverts               0/65536           0/786432   ( 0.0%) 
waterindices           141/65536         282/131072   ( 0.2%) 
cubemapsamples           0/1024            0/16384    ( 0.0%) 
overlays                 0/512             0/180224   ( 0.0%) 
LDR lightdata         [variable]      107180/0        ( 0.0%) 
HDR lightdata         [variable]      107180/0        ( 0.0%) 
visdata               [variable]           0/16777216 ( 0.0%) 
entdata               [variable]       16569/393216   ( 4.2%) 
LDR ambient table      152/65536         608/262144   ( 0.2%) 
HDR ambient table      152/65536         608/262144   ( 0.2%) 
LDR leaf ambient       351/65536        9828/1835008  ( 0.5%) 
HDR leaf ambient       351/65536        9828/1835008  ( 0.5%) 
occluders                0/0               0/0        ( 0.0%) 
occluder polygons        0/0               0/0        ( 0.0%) 
occluder vert ind        0/0               0/0        ( 0.0%) 
detail props          [variable]           1/12       ( 8.3%) 
static props          [variable]           1/1546     ( 0.1%) 
pakfile               [variable]       86758/0        ( 0.0%) 
physics               [variable]       13584/4194304  ( 0.3%) 
physics terrain       [variable]           2/1048576  ( 0.0%) 

Level flags = 0

Total triangle count: 257
Writing d:\multis4hammer\outskirts_02.bsp
0 seconds elapsed



Using shader api: shaderapiempty.dll
materialPath: D:\SteamLibrary\steamapps\common\Half-Life 2\hl2\materials
Loading D:\MultiS4Hammer\outskirts_02.vmf
Could not locate 'GameData' key in d:\steamlibrary\steamapps\common\half-life 2\hl2\gameinfo.txt
fixing up env_cubemap materials on brush sides...
0...1...2...3...4...5...6...7...8...9...10**** leaked ****
Entity prop_static (464.00 -3504.00 520.00) leaked!
Processing areas...done (0)
Building Faces...done (0)
FixTjuncs...
PruneNodes...
WriteBSP...
done (0)
Creating default LDR cubemaps for env_cubemap using skybox materials:
   skybox/sky_borealis01*.vmt
 ! Run buildcubemaps in the engine to get the correct cube maps.
Creating default HDR cubemaps for env_cubemap using skybox materials:
   skybox/sky_borealis01*.vmt
 ! Run buildcubemaps in the engine to get the correct cube maps.
Finding displacement neighbors...
Finding lightmap sample positions...
Displacement Alpha : 0...1...2...3...4...5...6...7...8...9...10
Building Physics collision data...
done (0) (13584 bytes)
Placing detail props : 0...1...2...3...4...5...6...7...8...9...10
Compacting texture/material tables...
Reduced 37 texinfos to 26
Reduced 16 texdatas to 15 (386 bytes to 361)
Writing D:\MultiS4Hammer\outskirts_02.bsp
0 seconds elapsed



12 threads
reading d:\multis4hammer\outskirts_02.bsp
reading d:\multis4hammer\outskirts_02.prt
LoadPortals: couldn't read d:\multis4hammer\outskirts_02.prt



[Reading texlights from 'lights.rad']
[45 texlights parsed from 'lights.rad']

Loading d:\multis4hammer\outskirts_02.bsp
No vis information, direct lighting only.
101 faces
15529 square feet [2236257.50 square inches]
0 Displacements
0 Square Feet [0.00 Square Inches]
12 direct lights
0...1...2...3...4...5...6...7...8...9...10Build Patch/Sample Hash Table(s).....Done<0.0003 sec>
0...1...2...3...4...5...6...7...8...9...10FinalLightFace Done
0 of 0 (0% of) surface lights went in leaf ambient cubes.
0...1...2...3...4...5...6...7...8...9...10Writing leaf ambient...done
Ready to Finish

Object names       Objects/Maxobjs  Memory / Maxmem  Fullness 
------------       ---------------  ---------------  -------- 
models                   2/1024           96/49152    ( 0.2%) 
brushes                 38/8192          456/98304    ( 0.5%) 
brushsides             232/65536        1856/524288   ( 0.4%) 
planes                 144/65536        2880/1310720  ( 0.2%) 
vertexes               239/65536        2868/786432   ( 0.4%) 
nodes                  149/65536        4768/2097152  ( 0.2%) 
texinfos                26/12288        1872/884736   ( 0.2%) 
texdata                 15/2048          480/65536    ( 0.7%) 
dispinfos                0/0               0/0        ( 0.0%) 
disp_verts               0/0               0/0        ( 0.0%) 
disp_tris                0/0               0/0        ( 0.0%) 
disp_lmsamples           0/0               0/0        ( 0.0%) 
faces                  101/65536        5656/3670016  ( 0.2%) 
hdr faces                0/65536           0/3670016  ( 0.0%) 
origfaces               68/65536        3808/3670016  ( 0.1%) 
leaves                 152/65536        4864/2097152  ( 0.2%) 
leaffaces              108/65536         216/131072   ( 0.2%) 
leafbrushes             47/65536          94/131072   ( 0.1%) 
areas                    2/256            16/2048     ( 0.8%) 
surfedges              731/512000       2924/2048000  ( 0.1%) 
edges                  481/256000       1924/1024000  ( 0.2%) 
LDR worldlights         12/8192         1056/720896   ( 0.1%) 
HDR worldlights          0/8192            0/720896   ( 0.0%) 
leafwaterdata            0/32768           0/393216   ( 0.0%) 
waterstrips             10/32768         100/327680   ( 0.0%) 
waterverts               0/65536           0/786432   ( 0.0%) 
waterindices           141/65536         282/131072   ( 0.2%) 
cubemapsamples           0/1024            0/16384    ( 0.0%) 
overlays                 0/512             0/180224   ( 0.0%) 
LDR lightdata         [variable]      107180/0        ( 0.0%) 
HDR lightdata         [variable]           0/0        ( 0.0%) 
visdata               [variable]           0/16777216 ( 0.0%) 
entdata               [variable]       16569/393216   ( 4.2%) 
LDR ambient table      152/65536         608/262144   ( 0.2%) 
HDR ambient table      152/65536         608/262144   ( 0.2%) 
LDR leaf ambient       351/65536        9828/1835008  ( 0.5%) 
HDR leaf ambient       152/65536        4256/1835008  ( 0.2%) 
occluders                0/0               0/0        ( 0.0%) 
occluder polygons        0/0               0/0        ( 0.0%) 
occluder vert ind        0/0               0/0        ( 0.0%) 
detail props          [variable]           1/12       ( 8.3%) 
static props          [variable]           1/1546     ( 0.1%) 
pakfile               [variable]       86758/0        ( 0.0%) 
physics               [variable]       13584/4194304  ( 0.3%) 
physics terrain       [variable]           2/1048576  ( 0.0%) 

Level flags = 0

Total triangle count: 257
Writing d:\multis4hammer\outskirts_02.bsp
0 seconds elapsed



[Reading texlights from 'lights.rad']
[45 texlights parsed from 'lights.rad']

Loading d:\multis4hammer\outskirts_02.bsp
No vis information, direct lighting only.
101 faces
15529 square feet [2236257.50 square inches]
0 Displacements
0 Square Feet [0.00 Square Inches]
12 direct lights
0...1...2...3...4...5...6...7...8...9...10Build Patch/Sample Hash Table(s).....Done<0.0003 sec>
0...1...2...3...4...5...6...7...8...9...10FinalLightFace Done
0 of 0 (0% of) surface lights went in leaf ambient cubes.
0...1...2...3...4...5...6...7...8...9...10Writing leaf ambient...done
Ready to Finish

Object names       Objects/Maxobjs  Memory / Maxmem  Fullness 
------------       ---------------  ---------------  -------- 
models                   2/1024           96/49152    ( 0.2%) 
brushes                 38/8192          456/98304    ( 0.5%) 
brushsides             232/65536        1856/524288   ( 0.4%) 
planes                 144/65536        2880/1310720  ( 0.2%) 
vertexes               239/65536        2868/786432   ( 0.4%) 
nodes                  149/65536        4768/2097152  ( 0.2%) 
texinfos                26/12288        1872/884736   ( 0.2%) 
texdata                 15/2048          480/65536    ( 0.7%) 
dispinfos                0/0               0/0        ( 0.0%) 
disp_verts               0/0               0/0        ( 0.0%) 
disp_tris                0/0               0/0        ( 0.0%) 
disp_lmsamples           0/0               0/0        ( 0.0%) 
faces                  101/65536        5656/3670016  ( 0.2%) 
hdr faces              101/65536        5656/3670016  ( 0.2%) 
origfaces               68/65536        3808/3670016  ( 0.1%) 
leaves                 152/65536        4864/2097152  ( 0.2%) 
leaffaces              108/65536         216/131072   ( 0.2%) 
leafbrushes             47/65536          94/131072   ( 0.1%) 
areas                    2/256            16/2048     ( 0.8%) 
surfedges              731/512000       2924/2048000  ( 0.1%) 
edges                  481/256000       1924/1024000  ( 0.2%) 
LDR worldlights         12/8192         1056/720896   ( 0.1%) 
HDR worldlights         12/8192         1056/720896   ( 0.1%) 
leafwaterdata            0/32768           0/393216   ( 0.0%) 
waterstrips             10/32768         100/327680   ( 0.0%) 
waterverts               0/65536           0/786432   ( 0.0%) 
waterindices           141/65536         282/131072   ( 0.2%) 
cubemapsamples           0/1024            0/16384    ( 0.0%) 
overlays                 0/512             0/180224   ( 0.0%) 
LDR lightdata         [variable]      107180/0        ( 0.0%) 
HDR lightdata         [variable]      107180/0        ( 0.0%) 
visdata               [variable]           0/16777216 ( 0.0%) 
entdata               [variable]       16569/393216   ( 4.2%) 
LDR ambient table      152/65536         608/262144   ( 0.2%) 
HDR ambient table      152/65536         608/262144   ( 0.2%) 
LDR leaf ambient       351/65536        9828/1835008  ( 0.5%) 
HDR leaf ambient       351/65536        9828/1835008  ( 0.5%) 
occluders                0/0               0/0        ( 0.0%) 
occluder polygons        0/0               0/0        ( 0.0%) 
occluder vert ind        0/0               0/0        ( 0.0%) 
detail props          [variable]           1/12       ( 8.3%) 
static props          [variable]           1/1546     ( 0.1%) 
pakfile               [variable]       86758/0        ( 0.0%) 
physics               [variable]       13584/4194304  ( 0.3%) 
physics terrain       [variable]           2/1048576  ( 0.0%) 

Level flags = 0

Total triangle count: 257
Writing d:\multis4hammer\outskirts_02.bsp
0 seconds elapsed
